2023-02-01 11:17:54 [scrapy.utils.log] INFO: Scrapy 2.7.1 started (bot: scrapy_crawler)
2023-02-01 11:17:54 [scrapy.utils.log] INFO: Versions: lxml 4.9.2.0, libxml2 2.9.14, cssselect 1.2.0, parsel 1.7.0, w3lib 2.1.1, Twisted 22.10.0, Python 3.10.4 (main, Mar 31 2022, 08:41:55) [GCC 7.5.0], pyOpenSSL 22.0.0 (OpenSSL 1.1.1s  1 Nov 2022), cryptography 38.0.1, Platform Linux-3.10.0-1160.83.1.el7.x86_64-x86_64-with-glibc2.17
2023-02-01 11:17:54 [scrapy.crawler] INFO: Overridden settings:
{'BOT_NAME': 'scrapy_crawler',
 'LOG_FILE': 'imdb.log',
 'NEWSPIDER_MODULE': 'scrapy_crawler.spiders',
 'REQUEST_FINGERPRINTER_IMPLEMENTATION': '2.7',
 'ROBOTSTXT_OBEY': True,
 'SPIDER_MODULES': ['scrapy_crawler.spiders'],
 'TWISTED_REACTOR': 'twisted.internet.asyncioreactor.AsyncioSelectorReactor'}
2023-02-01 11:17:54 [asyncio] DEBUG: Using selector: EpollSelector
2023-02-01 11:17:54 [scrapy.utils.log] DEBUG: Using reactor: twisted.internet.asyncioreactor.AsyncioSelectorReactor
2023-02-01 11:17:54 [scrapy.utils.log] DEBUG: Using asyncio event loop: asyncio.unix_events._UnixSelectorEventLoop
2023-02-01 11:17:54 [scrapy.extensions.telnet] INFO: Telnet Password: 1a1ce0586e20c889
2023-02-01 11:17:54 [scrapy.middleware] INFO: Enabled extensions:
['scrapy.extensions.corestats.CoreStats',
 'scrapy.extensions.telnet.TelnetConsole',
 'scrapy.extensions.memusage.MemoryUsage',
 'scrapy.extensions.feedexport.FeedExporter',
 'scrapy.extensions.logstats.LogStats']
2023-02-01 11:17:55 [scrapy.middleware] INFO: Enabled downloader middlewares:
['scrapy.downloadermiddlewares.robotstxt.RobotsTxtMiddleware',
 'scrapy.downloadermiddlewares.httpauth.HttpAuthMiddleware',
 'scrapy.downloadermiddlewares.downloadtimeout.DownloadTimeoutMiddleware',
 'scrapy.downloadermiddlewares.defaultheaders.DefaultHeadersMiddleware',
 'scrapy.downloadermiddlewares.useragent.UserAgentMiddleware',
 'scrapy.downloadermiddlewares.retry.RetryMiddleware',
 'scrapy.downloadermiddlewares.redirect.MetaRefreshMiddleware',
 'scrapy.downloadermiddlewares.httpcompression.HttpCompressionMiddleware',
 'scrapy.downloadermiddlewares.redirect.RedirectMiddleware',
 'scrapy.downloadermiddlewares.cookies.CookiesMiddleware',
 'scrapy.downloadermiddlewares.httpproxy.HttpProxyMiddleware',
 'scrapy.downloadermiddlewares.stats.DownloaderStats']
2023-02-01 11:17:55 [scrapy.middleware] INFO: Enabled spider middlewares:
['scrapy.spidermiddlewares.httperror.HttpErrorMiddleware',
 'scrapy.spidermiddlewares.offsite.OffsiteMiddleware',
 'scrapy.spidermiddlewares.referer.RefererMiddleware',
 'scrapy.spidermiddlewares.urllength.UrlLengthMiddleware',
 'scrapy.spidermiddlewares.depth.DepthMiddleware']
2023-02-01 11:17:55 [scrapy.middleware] INFO: Enabled item pipelines:
[]
2023-02-01 11:17:55 [scrapy.core.engine] INFO: Spider opened
2023-02-01 11:17:55 [scrapy.extensions.logstats] INFO: Crawled 0 pages (at 0 pages/min), scraped 0 items (at 0 items/min)
2023-02-01 11:17:55 [scrapy.extensions.telnet] INFO: Telnet console listening on 127.0.0.1:6023
2023-02-01 11:17:55 [scrapy.core.engine] DEBUG: Crawled (200) <GET https://www.imdb.com/robots.txt> (referer: None)
2023-02-01 11:17:55 [scrapy.core.engine] DEBUG: Crawled (403) <GET https://www.imdb.com/> (referer: None)
2023-02-01 11:17:55 [scrapy.spidermiddlewares.httperror] INFO: Ignoring response <403 https://www.imdb.com/>: HTTP status code is not handled or not allowed
2023-02-01 11:17:55 [scrapy.core.engine] INFO: Closing spider (finished)
2023-02-01 11:17:55 [scrapy.statscollectors] INFO: Dumping Scrapy stats:
{'downloader/request_bytes': 442,
 'downloader/request_count': 2,
 'downloader/request_method_count/GET': 2,
 'downloader/response_bytes': 2307,
 'downloader/response_count': 2,
 'downloader/response_status_count/200': 1,
 'downloader/response_status_count/403': 1,
 'elapsed_time_seconds': 0.340887,
 'finish_reason': 'finished',
 'finish_time': datetime.datetime(2023, 2, 1, 19, 17, 55, 496158),
 'httperror/response_ignored_count': 1,
 'httperror/response_ignored_status_count/403': 1,
 'log_count/DEBUG': 5,
 'log_count/INFO': 11,
 'memusage/max': 66088960,
 'memusage/startup': 66088960,
 'response_received_count': 2,
 'robotstxt/request_count': 1,
 'robotstxt/response_count': 1,
 'robotstxt/response_status_count/200': 1,
 'scheduler/dequeued': 1,
 'scheduler/dequeued/memory': 1,
 'scheduler/enqueued': 1,
 'scheduler/enqueued/memory': 1,
 'start_time': datetime.datetime(2023, 2, 1, 19, 17, 55, 155271)}
2023-02-01 11:17:55 [scrapy.core.engine] INFO: Spider closed (finished)
2023-02-01 11:18:27 [scrapy.utils.log] INFO: Scrapy 2.7.1 started (bot: scrapy_crawler)
2023-02-01 11:18:27 [scrapy.utils.log] INFO: Versions: lxml 4.9.2.0, libxml2 2.9.14, cssselect 1.2.0, parsel 1.7.0, w3lib 2.1.1, Twisted 22.10.0, Python 3.10.4 (main, Mar 31 2022, 08:41:55) [GCC 7.5.0], pyOpenSSL 22.0.0 (OpenSSL 1.1.1s  1 Nov 2022), cryptography 38.0.1, Platform Linux-3.10.0-1160.83.1.el7.x86_64-x86_64-with-glibc2.17
2023-02-01 11:18:27 [scrapy.crawler] INFO: Overridden settings:
{'BOT_NAME': 'scrapy_crawler',
 'LOG_FILE': 'imdb.log',
 'NEWSPIDER_MODULE': 'scrapy_crawler.spiders',
 'REQUEST_FINGERPRINTER_IMPLEMENTATION': '2.7',
 'ROBOTSTXT_OBEY': True,
 'SPIDER_MODULES': ['scrapy_crawler.spiders'],
 'TWISTED_REACTOR': 'twisted.internet.asyncioreactor.AsyncioSelectorReactor'}
2023-02-01 11:18:27 [asyncio] DEBUG: Using selector: EpollSelector
2023-02-01 11:18:27 [scrapy.utils.log] DEBUG: Using reactor: twisted.internet.asyncioreactor.AsyncioSelectorReactor
2023-02-01 11:18:27 [scrapy.utils.log] DEBUG: Using asyncio event loop: asyncio.unix_events._UnixSelectorEventLoop
2023-02-01 11:18:27 [scrapy.extensions.telnet] INFO: Telnet Password: 96a3e9dcfb44181d
2023-02-01 11:18:27 [scrapy.middleware] INFO: Enabled extensions:
['scrapy.extensions.corestats.CoreStats',
 'scrapy.extensions.telnet.TelnetConsole',
 'scrapy.extensions.memusage.MemoryUsage',
 'scrapy.extensions.feedexport.FeedExporter',
 'scrapy.extensions.logstats.LogStats']
2023-02-01 11:18:27 [scrapy.middleware] INFO: Enabled downloader middlewares:
['scrapy.downloadermiddlewares.robotstxt.RobotsTxtMiddleware',
 'scrapy.downloadermiddlewares.httpauth.HttpAuthMiddleware',
 'scrapy.downloadermiddlewares.downloadtimeout.DownloadTimeoutMiddleware',
 'scrapy.downloadermiddlewares.defaultheaders.DefaultHeadersMiddleware',
 'scrapy.downloadermiddlewares.useragent.UserAgentMiddleware',
 'scrapy.downloadermiddlewares.retry.RetryMiddleware',
 'scrapy.downloadermiddlewares.redirect.MetaRefreshMiddleware',
 'scrapy.downloadermiddlewares.httpcompression.HttpCompressionMiddleware',
 'scrapy.downloadermiddlewares.redirect.RedirectMiddleware',
 'scrapy.downloadermiddlewares.cookies.CookiesMiddleware',
 'scrapy.downloadermiddlewares.httpproxy.HttpProxyMiddleware',
 'scrapy.downloadermiddlewares.stats.DownloaderStats']
2023-02-01 11:18:27 [scrapy.middleware] INFO: Enabled spider middlewares:
['scrapy.spidermiddlewares.httperror.HttpErrorMiddleware',
 'scrapy.spidermiddlewares.offsite.OffsiteMiddleware',
 'scrapy.spidermiddlewares.referer.RefererMiddleware',
 'scrapy.spidermiddlewares.urllength.UrlLengthMiddleware',
 'scrapy.spidermiddlewares.depth.DepthMiddleware']
2023-02-01 11:18:27 [scrapy.middleware] INFO: Enabled item pipelines:
[]
2023-02-01 11:18:27 [scrapy.core.engine] INFO: Spider opened
2023-02-01 11:18:28 [scrapy.extensions.logstats] INFO: Crawled 0 pages (at 0 pages/min), scraped 0 items (at 0 items/min)
2023-02-01 11:18:28 [scrapy.extensions.telnet] INFO: Telnet console listening on 127.0.0.1:6023
2023-02-01 11:18:28 [scrapy.core.engine] DEBUG: Crawled (200) <GET https://www.imdb.com/robots.txt> (referer: None)
2023-02-01 11:18:28 [scrapy.core.engine] DEBUG: Crawled (403) <GET https://www.imdb.com/> (referer: None)
2023-02-01 11:18:28 [scrapy.spidermiddlewares.httperror] INFO: Ignoring response <403 https://www.imdb.com/>: HTTP status code is not handled or not allowed
2023-02-01 11:18:28 [scrapy.core.engine] INFO: Closing spider (finished)
2023-02-01 11:18:28 [scrapy.statscollectors] INFO: Dumping Scrapy stats:
{'downloader/request_bytes': 442,
 'downloader/request_count': 2,
 'downloader/request_method_count/GET': 2,
 'downloader/response_bytes': 2307,
 'downloader/response_count': 2,
 'downloader/response_status_count/200': 1,
 'downloader/response_status_count/403': 1,
 'elapsed_time_seconds': 0.35963,
 'finish_reason': 'finished',
 'finish_time': datetime.datetime(2023, 2, 1, 19, 18, 28, 427051),
 'httperror/response_ignored_count': 1,
 'httperror/response_ignored_status_count/403': 1,
 'log_count/DEBUG': 5,
 'log_count/INFO': 11,
 'memusage/max': 66072576,
 'memusage/startup': 66072576,
 'response_received_count': 2,
 'robotstxt/request_count': 1,
 'robotstxt/response_count': 1,
 'robotstxt/response_status_count/200': 1,
 'scheduler/dequeued': 1,
 'scheduler/dequeued/memory': 1,
 'scheduler/enqueued': 1,
 'scheduler/enqueued/memory': 1,
 'start_time': datetime.datetime(2023, 2, 1, 19, 18, 28, 67421)}
2023-02-01 11:18:28 [scrapy.core.engine] INFO: Spider closed (finished)
